2025-10-15 08:22:30,452 [INFO] === DMRG RSS Full Sync Started ===
2025-10-15 08:22:30,453 [INFO] Fetching page: http://quattro.phys.sci.kobe-u.ac.jp/dmrg/condmat.html
2025-10-15 08:22:31,385 [INFO] Successfully fetched page, size: 250050 bytes
2025-10-15 08:22:31,628 [INFO] Found 970 bold tags to check
2025-10-15 08:22:31,628 [INFO] Processed 10 bold tags, found 2 arXiv links so far
2025-10-15 08:22:31,629 [INFO] Processed 20 bold tags, found 12 arXiv links so far
2025-10-15 08:22:31,629 [INFO] Processed 30 bold tags, found 22 arXiv links so far
2025-10-15 08:22:31,629 [INFO] Processed 40 bold tags, found 32 arXiv links so far
2025-10-15 08:22:31,630 [INFO] Processed 50 bold tags, found 42 arXiv links so far
2025-10-15 08:22:31,630 [INFO] Processed 60 bold tags, found 52 arXiv links so far
2025-10-15 08:22:31,630 [INFO] Processed 70 bold tags, found 62 arXiv links so far
2025-10-15 08:22:31,630 [INFO] Processed 80 bold tags, found 72 arXiv links so far
2025-10-15 08:22:31,631 [INFO] Processed 90 bold tags, found 82 arXiv links so far
2025-10-15 08:22:31,631 [INFO] Processed 100 bold tags, found 92 arXiv links so far
2025-10-15 08:22:31,631 [INFO] Processed 110 bold tags, found 102 arXiv links so far
2025-10-15 08:22:31,632 [INFO] Processed 120 bold tags, found 112 arXiv links so far
2025-10-15 08:22:31,632 [INFO] Processed 130 bold tags, found 122 arXiv links so far
2025-10-15 08:22:31,632 [INFO] Processed 140 bold tags, found 132 arXiv links so far
2025-10-15 08:22:31,633 [INFO] Processed 150 bold tags, found 142 arXiv links so far
2025-10-15 08:22:31,633 [INFO] Processed 160 bold tags, found 152 arXiv links so far
2025-10-15 08:22:31,633 [INFO] Processed 170 bold tags, found 162 arXiv links so far
2025-10-15 08:22:31,633 [INFO] Processed 180 bold tags, found 172 arXiv links so far
2025-10-15 08:22:31,634 [INFO] Processed 190 bold tags, found 182 arXiv links so far
2025-10-15 08:22:31,634 [INFO] Processed 200 bold tags, found 192 arXiv links so far
2025-10-15 08:22:31,634 [INFO] Processed 210 bold tags, found 202 arXiv links so far
2025-10-15 08:22:31,635 [INFO] Processed 220 bold tags, found 212 arXiv links so far
2025-10-15 08:22:31,635 [INFO] Processed 230 bold tags, found 222 arXiv links so far
2025-10-15 08:22:31,635 [INFO] Processed 240 bold tags, found 232 arXiv links so far
2025-10-15 08:22:31,636 [INFO] Processed 250 bold tags, found 242 arXiv links so far
2025-10-15 08:22:31,636 [INFO] Processed 260 bold tags, found 252 arXiv links so far
2025-10-15 08:22:31,636 [INFO] Processed 270 bold tags, found 262 arXiv links so far
2025-10-15 08:22:31,636 [INFO] Processed 280 bold tags, found 272 arXiv links so far
2025-10-15 08:22:31,637 [INFO] Processed 290 bold tags, found 282 arXiv links so far
2025-10-15 08:22:31,637 [INFO] Processed 300 bold tags, found 292 arXiv links so far
2025-10-15 08:22:31,637 [INFO] Processed 310 bold tags, found 302 arXiv links so far
2025-10-15 08:22:31,638 [INFO] Processed 320 bold tags, found 312 arXiv links so far
2025-10-15 08:22:31,638 [INFO] Processed 330 bold tags, found 322 arXiv links so far
2025-10-15 08:22:31,638 [INFO] Processed 340 bold tags, found 332 arXiv links so far
2025-10-15 08:22:31,638 [INFO] Processed 350 bold tags, found 342 arXiv links so far
2025-10-15 08:22:31,639 [INFO] Processed 360 bold tags, found 352 arXiv links so far
2025-10-15 08:22:31,639 [INFO] Processed 370 bold tags, found 362 arXiv links so far
2025-10-15 08:22:31,639 [INFO] Processed 380 bold tags, found 372 arXiv links so far
2025-10-15 08:22:31,639 [INFO] Processed 390 bold tags, found 382 arXiv links so far
2025-10-15 08:22:31,640 [INFO] Processed 400 bold tags, found 392 arXiv links so far
2025-10-15 08:22:31,640 [INFO] Processed 410 bold tags, found 402 arXiv links so far
2025-10-15 08:22:31,640 [INFO] Processed 420 bold tags, found 412 arXiv links so far
2025-10-15 08:22:31,641 [INFO] Processed 430 bold tags, found 422 arXiv links so far
2025-10-15 08:22:31,641 [INFO] Processed 440 bold tags, found 432 arXiv links so far
2025-10-15 08:22:31,641 [INFO] Processed 450 bold tags, found 442 arXiv links so far
2025-10-15 08:22:31,641 [INFO] Processed 460 bold tags, found 452 arXiv links so far
2025-10-15 08:22:31,642 [INFO] Processed 470 bold tags, found 462 arXiv links so far
2025-10-15 08:22:31,642 [INFO] Processed 480 bold tags, found 472 arXiv links so far
2025-10-15 08:22:31,642 [INFO] Processed 490 bold tags, found 482 arXiv links so far
2025-10-15 08:22:31,642 [INFO] Processed 500 bold tags, found 492 arXiv links so far
2025-10-15 08:22:31,643 [INFO] Processed 510 bold tags, found 502 arXiv links so far
2025-10-15 08:22:31,643 [INFO] Processed 520 bold tags, found 512 arXiv links so far
2025-10-15 08:22:31,643 [INFO] Processed 530 bold tags, found 522 arXiv links so far
2025-10-15 08:22:31,643 [INFO] Processed 540 bold tags, found 532 arXiv links so far
2025-10-15 08:22:31,644 [INFO] Processed 550 bold tags, found 542 arXiv links so far
2025-10-15 08:22:31,644 [INFO] Processed 560 bold tags, found 552 arXiv links so far
2025-10-15 08:22:31,644 [INFO] Processed 570 bold tags, found 562 arXiv links so far
2025-10-15 08:22:31,644 [INFO] Processed 580 bold tags, found 572 arXiv links so far
2025-10-15 08:22:31,645 [INFO] Processed 590 bold tags, found 582 arXiv links so far
2025-10-15 08:22:31,645 [INFO] Processed 600 bold tags, found 592 arXiv links so far
2025-10-15 08:22:31,645 [INFO] Processed 610 bold tags, found 602 arXiv links so far
2025-10-15 08:22:31,645 [INFO] Processed 620 bold tags, found 612 arXiv links so far
2025-10-15 08:22:31,646 [INFO] Processed 630 bold tags, found 622 arXiv links so far
2025-10-15 08:22:31,646 [INFO] Processed 640 bold tags, found 632 arXiv links so far
2025-10-15 08:22:31,646 [INFO] Processed 650 bold tags, found 642 arXiv links so far
2025-10-15 08:22:31,646 [INFO] Processed 660 bold tags, found 652 arXiv links so far
2025-10-15 08:22:31,647 [INFO] Processed 670 bold tags, found 662 arXiv links so far
2025-10-15 08:22:31,647 [INFO] Processed 680 bold tags, found 672 arXiv links so far
2025-10-15 08:22:31,647 [INFO] Processed 690 bold tags, found 682 arXiv links so far
2025-10-15 08:22:31,647 [INFO] Processed 700 bold tags, found 692 arXiv links so far
2025-10-15 08:22:31,648 [INFO] Processed 710 bold tags, found 702 arXiv links so far
2025-10-15 08:22:31,648 [INFO] Processed 720 bold tags, found 712 arXiv links so far
2025-10-15 08:22:31,648 [INFO] Processed 730 bold tags, found 722 arXiv links so far
2025-10-15 08:22:31,648 [INFO] Processed 740 bold tags, found 732 arXiv links so far
2025-10-15 08:22:31,649 [INFO] Processed 750 bold tags, found 742 arXiv links so far
2025-10-15 08:22:31,649 [INFO] Processed 760 bold tags, found 752 arXiv links so far
2025-10-15 08:22:31,649 [INFO] Processed 770 bold tags, found 762 arXiv links so far
2025-10-15 08:22:31,649 [INFO] Processed 780 bold tags, found 772 arXiv links so far
2025-10-15 08:22:31,650 [INFO] Processed 790 bold tags, found 782 arXiv links so far
2025-10-15 08:22:31,650 [INFO] Processed 800 bold tags, found 792 arXiv links so far
2025-10-15 08:22:31,650 [INFO] Processed 810 bold tags, found 802 arXiv links so far
2025-10-15 08:22:31,651 [INFO] Processed 820 bold tags, found 812 arXiv links so far
2025-10-15 08:22:31,651 [INFO] Processed 830 bold tags, found 822 arXiv links so far
2025-10-15 08:22:31,651 [INFO] Processed 840 bold tags, found 832 arXiv links so far
2025-10-15 08:22:31,651 [INFO] Processed 850 bold tags, found 842 arXiv links so far
2025-10-15 08:22:31,652 [INFO] Processed 860 bold tags, found 852 arXiv links so far
2025-10-15 08:22:31,652 [INFO] Processed 870 bold tags, found 862 arXiv links so far
2025-10-15 08:22:31,652 [INFO] Processed 880 bold tags, found 872 arXiv links so far
2025-10-15 08:22:31,652 [INFO] Processed 890 bold tags, found 882 arXiv links so far
2025-10-15 08:22:31,653 [INFO] Processed 900 bold tags, found 892 arXiv links so far
2025-10-15 08:22:31,653 [INFO] Processed 910 bold tags, found 902 arXiv links so far
2025-10-15 08:22:31,653 [INFO] Processed 920 bold tags, found 912 arXiv links so far
2025-10-15 08:22:31,653 [INFO] Processed 930 bold tags, found 922 arXiv links so far
2025-10-15 08:22:31,654 [INFO] Processed 940 bold tags, found 932 arXiv links so far
2025-10-15 08:22:31,654 [INFO] Processed 950 bold tags, found 942 arXiv links so far
2025-10-15 08:22:31,654 [INFO] Processed 960 bold tags, found 952 arXiv links so far
2025-10-15 08:22:31,654 [INFO] Total arXiv entries found: 961
2025-10-15 08:22:31,654 [INFO] Loading existing RSS file: docs/rss.xml
2025-10-15 08:22:31,673 [INFO] Found 955 existing entries
2025-10-15 08:22:31,891 [INFO] Successfully loaded 955 existing entries
2025-10-15 08:22:31,891 [INFO] Filtered existing entries: 951 (no obsolete entries)
2025-10-15 08:22:31,893 [INFO] Entries analysis: 955 complete, 6 need fetching
2025-10-15 08:22:31,893 [INFO] Fetching details [1/6]: http://arxiv.org/abs/2510.12743
2025-10-15 08:22:31,893 [INFO] Fetching arXiv details (attempt 1): 2510.12743
2025-10-15 08:22:32,260 [INFO] Successfully fetched details for 2510.12743: 'Measurement-induced entanglement in noisy 2D rando...'
2025-10-15 08:22:34,260 [INFO] Fetching details [2/6]: http://arxiv.org/abs/2510.12667
2025-10-15 08:22:34,260 [INFO] Fetching arXiv details (attempt 1): 2510.12667
2025-10-15 08:22:34,520 [INFO] Successfully fetched details for 2510.12667: 'The anisotropic Heisenberg model close to the Isin...'
2025-10-15 08:22:36,520 [INFO] Fetching details [3/6]: http://arxiv.org/abs/2510.12613
2025-10-15 08:22:36,520 [INFO] Fetching arXiv details (attempt 1): 2510.12613
2025-10-15 08:22:36,770 [INFO] Successfully fetched details for 2510.12613: 'Quantum Spin Singlet and Classical Néel-Ordered Gr...'
2025-10-15 08:22:38,770 [INFO] Fetching details [4/6]: http://arxiv.org/abs/2510.11797
2025-10-15 08:22:38,770 [INFO] Fetching arXiv details (attempt 1): 2510.11797
2025-10-15 08:22:39,006 [INFO] Successfully fetched details for 2510.11797: 'Bound on entanglement in neural quantum states...'
2025-10-15 08:22:41,006 [INFO] Fetching details [5/6]: http://arxiv.org/abs/2510.11773
2025-10-15 08:22:41,006 [INFO] Fetching arXiv details (attempt 1): 2510.11773
2025-10-15 08:22:41,294 [INFO] Successfully fetched details for 2510.11773: 'Qiboml: towards the orchestration of quantum-class...'
2025-10-15 08:22:43,295 [INFO] Fetching details [6/6]: http://arxiv.org/abs/2510.11735
2025-10-15 08:22:43,295 [INFO] Fetching arXiv details (attempt 1): 2510.11735
2025-10-15 08:22:43,512 [INFO] Successfully fetched details for 2510.11735: 'Mathematical aspects of the decomposition of diago...'
2025-10-15 08:22:43,512 [INFO] Entries sorted by date: newest (2025-10-13) to oldest (2025-10-10)
2025-10-15 08:22:43,512 [INFO] Final sync result: 961 total entries
2025-10-15 08:22:43,512 [INFO] - 955 existing complete entries
2025-10-15 08:22:43,512 [INFO] - 6 newly fetched/updated entries
2025-10-15 08:22:43,512 [INFO] Generating RSS with 961 entries (newest first)
2025-10-15 08:22:43,512 [INFO] Entry 1 date: 2025-10-13
2025-10-15 08:22:43,513 [INFO] Entry 2 date: 2025-10-13
2025-10-15 08:22:43,513 [INFO] Entry 3 date: 2025-10-11
2025-10-15 08:22:43,888 [INFO] RSS successfully written to docs/rss.xml
2025-10-15 08:22:43,888 [INFO] File size: 1819545 bytes, entries added: 961
2025-10-15 08:22:43,888 [INFO] RSS entries are ordered from newest to oldest publication date
2025-10-15 08:22:43,890 [INFO] === Sync Statistics ===
2025-10-15 08:22:43,890 [INFO] Total execution time: 13.44 seconds
2025-10-15 08:22:43,890 [INFO] Total entries in RSS: 961
2025-10-15 08:22:43,890 [INFO] New or updated entries: 10
2025-10-15 08:22:43,890 [INFO] === Full Sync Complete ===
